<?xml version="1.0" encoding="UTF-8"?>
<testng-results ignored="0" total="1" passed="1" failed="0" skipped="0">
  <reporter-output>
  </reporter-output>
  <suite started-at="2024-02-13T23:14:30 IST" name="Default suite" finished-at="2024-02-13T23:14:38 IST" duration-ms="7551">
    <groups>
    </groups>
    <test started-at="2024-02-13T23:14:30 IST" name="Default test" finished-at="2024-02-13T23:14:38 IST" duration-ms="7551">
      <class name="com.hcl.qa.testcases.SignUppageTest">
        <test-method is-config="true" signature="setup()[pri:0, instance:com.hcl.qa.testcases.SignUppageTest@d41f816]" started-at="2024-02-13T23:14:30 IST" name="setup" finished-at="2024-02-13T23:14:36 IST" duration-ms="5841" status="PASS">
          <reporter-output>
          </reporter-output>
        </test-method> <!-- setup -->
        <test-method signature="clickonsighuppage()[pri:1, instance:com.hcl.qa.testcases.SignUppageTest@d41f816]" started-at="2024-02-13T23:14:36 IST" name="clickonsighuppage" finished-at="2024-02-13T23:14:37 IST" duration-ms="1130" status="PASS">
          <reporter-output>
          </reporter-output>
        </test-method> <!-- clickonsighuppage -->
        <test-method is-config="true" signature="tearDown()[pri:0, instance:com.hcl.qa.testcases.SignUppageTest@d41f816]" started-at="2024-02-13T23:14:37 IST" name="tearDown" finished-at="2024-02-13T23:14:38 IST" duration-ms="391" status="PASS">
          <reporter-output>
          </reporter-output>
        </test-method> <!-- tearDown -->
      </class> <!-- com.hcl.qa.testcases.SignUppageTest -->
    </test> <!-- Default test -->
  </suite> <!-- Default suite -->
</testng-results>
